{"D:\\space\\ReactRouterPro\\src\\app.js": {"path":"D:\\space\\ReactRouterPro\\src\\app.js","statementMap":{"0":{"start":{"line":1,"column":0},"end":{"line":null,"column":-1}},"1":{"start":{"line":2,"column":0},"end":{"line":null,"column":-1}},"2":{"start":{"line":3,"column":0},"end":{"line":null,"column":-1}},"3":{"start":{"line":4,"column":0},"end":{"line":null,"column":-1}},"4":{"start":{"line":5,"column":0},"end":{"line":null,"column":-1}},"5":{"start":{"line":6,"column":0},"end":{"line":null,"column":-1}},"6":{"start":{"line":8,"column":0},"end":{"line":10,"column":1}},"7":{"start":{"line":9,"column":4},"end":{"line":null,"column":-1}},"8":{"start":{"line":21,"column":0},"end":{"line":null,"column":-1}}},"fnMap":{},"branchMap":{"0":{"loc":{"start":{"line":8,"column":0},"end":{"line":10,"column":1}},"type":"if","locations":[{"start":{"line":8,"column":0},"end":{"line":10,"column":1}},{"start":{"line":8,"column":0},"end":{"line":10,"column":1}}]}},"s":{"0":0,"1":0,"2":0,"3":0,"4":0,"5":0,"6":0,"7":0,"8":0},"f":{},"b":{"0":[0,0]}}
,"D:\\space\\ReactRouterPro\\src\\about\\about.bundle.js": {"path":"D:\\space\\ReactRouterPro\\src\\about\\about.bundle.js","statementMap":{"0":{"start":{"line":8,"column":0},"end":{"line":null,"column":-1}},"1":{"start":{"line":9,"column":0},"end":{"line":null,"column":-1}},"2":{"start":{"line":10,"column":0},"end":{"line":null,"column":-1}},"3":{"start":{"line":11,"column":0},"end":{"line":null,"column":-1}},"4":{"start":{"line":12,"column":0},"end":{"line":null,"column":-1}},"5":{"start":{"line":14,"column":0},"end":{"line":null,"column":-1}},"6":{"start":{"line":20,"column":8},"end":{"line":null,"column":-1}},"7":{"start":{"line":24,"column":18},"end":{"line":24,"column":0}}},"fnMap":{},"branchMap":{},"s":{"0":0,"1":0,"2":0,"3":0,"4":0,"5":0,"6":0,"7":0},"f":{},"b":{}}
,"D:\\space\\ReactRouterPro\\src\\about\\utils\\action.js": {"path":"D:\\space\\ReactRouterPro\\src\\about\\utils\\action.js","statementMap":{"0":{"start":{"line":3,"column":0},"end":{"line":null,"column":-1}},"1":{"start":{"line":5,"column":16},"end":{"line":5,"column":0}},"2":{"start":{"line":7,"column":8},"end":{"line":null,"column":-1}}},"fnMap":{"0":{"name":"changePassWord","decl":{"start":{"line":5,"column":16},"end":{"line":6,"column":18}},"loc":{"start":{"line":6,"column":31},"end":{"line":8,"column":5}}}},"branchMap":{},"s":{"0":0,"1":0,"2":0},"f":{"0":0},"b":{}}
,"D:\\space\\ReactRouterPro\\src\\about\\utils\\ajax.js": {"path":"D:\\space\\ReactRouterPro\\src\\about\\utils\\ajax.js","statementMap":{"0":{"start":{"line":1,"column":0},"end":{"line":null,"column":-1}},"1":{"start":{"line":3,"column":13},"end":{"line":3,"column":0}},"2":{"start":{"line":4,"column":17},"end":{"line":null,"column":-1}},"3":{"start":{"line":5,"column":8},"end":{"line":null,"column":-1}},"4":{"start":{"line":6,"column":26},"end":{"line":6,"column":12}},"5":{"start":{"line":11,"column":12},"end":{"line":13,"column":13}},"6":{"start":{"line":12,"column":16},"end":{"line":null,"column":-1}},"7":{"start":{"line":14,"column":12},"end":{"line":null,"column":-1}},"8":{"start":{"line":15,"column":16},"end":{"line":null,"column":-1}},"9":{"start":{"line":17,"column":16},"end":{"line":null,"column":-1}},"10":{"start":{"line":23,"column":8},"end":{"line":27,"column":9}},"11":{"start":{"line":24,"column":3},"end":{"line":26,"column":4}},"12":{"start":{"line":25,"column":4},"end":{"line":null,"column":-1}},"13":{"start":{"line":28,"column":8},"end":{"line":null,"column":-1}},"14":{"start":{"line":32,"column":8},"end":{"line":null,"column":-1}}},"fnMap":{"0":{"name":"send","decl":{"start":{"line":3,"column":13},"end":{"line":4,"column":8}},"loc":{"start":{"line":4,"column":17},"end":{"line":3,"column":13}}},"1":{"name":"(anonymous_3)","decl":{"start":{"line":5,"column":27},"end":{"line":5,"column":27}},"loc":{"start":{"line":5,"column":48},"end":{"line":5,"column":15}}},"2":{"name":"(anonymous_4)","decl":{"start":{"line":14,"column":40},"end":{"line":14,"column":46}},"loc":{"start":{"line":14,"column":47},"end":{"line":14,"column":12}}},"3":{"name":"(anonymous_5)","decl":{"start":{"line":16,"column":15},"end":{"line":16,"column":20}},"loc":{"start":{"line":16,"column":21},"end":{"line":14,"column":12}}},"4":{"name":"_handleFormatData","decl":{"start":{"line":3,"column":13},"end":{"line":22,"column":21}},"loc":{"start":{"line":22,"column":29},"end":{"line":3,"column":13}}},"5":{"name":"sendLogin","decl":{"start":{"line":3,"column":13},"end":{"line":31,"column":13}},"loc":{"start":{"line":31,"column":19},"end":{"line":36,"column":5}}}},"branchMap":{"0":{"loc":{"start":{"line":7,"column":21},"end":{"line":7,"column":20}},"type":"binary-expr","locations":[{"start":{"line":7,"column":21},"end":{"line":7,"column":20}},{"start":{"line":7,"column":35},"end":{"line":6,"column":26}}]},"1":{"loc":{"start":{"line":8,"column":24},"end":{"line":8,"column":23}},"type":"binary-expr","locations":[{"start":{"line":8,"column":24},"end":{"line":8,"column":23}},{"start":{"line":8,"column":41},"end":{"line":6,"column":26}}]},"2":{"loc":{"start":{"line":9,"column":45},"end":{"line":9,"column":44}},"type":"binary-expr","locations":[{"start":{"line":9,"column":45},"end":{"line":9,"column":44}},{"start":{"line":9,"column":60},"end":{"line":9,"column":22}}]},"3":{"loc":{"start":{"line":11,"column":12},"end":{"line":13,"column":13}},"type":"if","locations":[{"start":{"line":11,"column":12},"end":{"line":13,"column":13}},{"start":{"line":11,"column":12},"end":{"line":13,"column":13}}]},"4":{"loc":{"start":{"line":24,"column":3},"end":{"line":26,"column":4}},"type":"if","locations":[{"start":{"line":24,"column":3},"end":{"line":26,"column":4}},{"start":{"line":24,"column":3},"end":{"line":26,"column":4}}]}},"s":{"0":0,"1":0,"2":0,"3":0,"4":0,"5":0,"6":0,"7":0,"8":0,"9":0,"10":0,"11":0,"12":0,"13":0,"14":0},"f":{"0":0,"1":0,"2":0,"3":0,"4":0,"5":0},"b":{"0":[0,0],"1":[0,0],"2":[0,0],"3":[0,0],"4":[0,0]}}
,"D:\\space\\ReactRouterPro\\src\\about\\utils\\tree.js": {"path":"D:\\space\\ReactRouterPro\\src\\about\\utils\\tree.js","statementMap":{"0":{"start":{"line":1,"column":0},"end":{"line":null,"column":-1}},"1":{"start":{"line":3,"column":18},"end":{"line":3,"column":0}},"2":{"start":{"line":10,"column":13},"end":{"line":10,"column":0}}},"fnMap":{},"branchMap":{},"s":{"0":0,"1":0,"2":0},"f":{},"b":{}}
,"D:\\space\\ReactRouterPro\\src\\about\\view\\page.js": {"path":"D:\\space\\ReactRouterPro\\src\\about\\view\\page.js","statementMap":{"0":{"start":{"line":1,"column":0},"end":{"line":null,"column":-1}},"1":{"start":{"line":2,"column":0},"end":{"line":null,"column":-1}},"2":{"start":{"line":3,"column":0},"end":{"line":null,"column":-1}},"3":{"start":{"line":4,"column":0},"end":{"line":null,"column":-1}},"4":{"start":{"line":5,"column":0},"end":{"line":null,"column":-1}},"5":{"start":{"line":6,"column":0},"end":{"line":null,"column":-1}},"6":{"start":{"line":10,"column":20},"end":{"line":null,"column":-1}},"7":{"start":{"line":12,"column":2},"end":{"line":null,"column":-1}},"8":{"start":{"line":14,"column":2},"end":{"line":null,"column":-1}},"9":{"start":{"line":18,"column":14},"end":{"line":18,"column":2}},"10":{"start":{"line":19,"column":2},"end":{"line":null,"column":-1}},"11":{"start":{"line":26,"column":2},"end":{"line":null,"column":-1}}},"fnMap":{"0":{"name":"About","decl":{"start":{"line":10,"column":1},"end":{"line":10,"column":12}},"loc":{"start":{"line":10,"column":20},"end":{"line":15,"column":2}}}},"branchMap":{"0":{"loc":{"start":{"line":10,"column":20},"end":{"line":11,"column":7}},"type":"binary-expr","locations":[{"start":{"line":10,"column":20},"end":{"line":11,"column":7}},{"start":{"line":10,"column":20},"end":{"line":11,"column":7}}]}},"s":{"0":0,"1":0,"2":0,"3":0,"4":0,"5":0,"6":0,"7":0,"8":0,"9":0,"10":0,"11":0},"f":{"0":0},"b":{"0":[0,0]}}
,"D:\\space\\ReactRouterPro\\src\\defaultIndex\\default.bundle.js": {"path":"D:\\space\\ReactRouterPro\\src\\defaultIndex\\default.bundle.js","statementMap":{"0":{"start":{"line":5,"column":0},"end":{"line":null,"column":-1}},"1":{"start":{"line":6,"column":0},"end":{"line":null,"column":-1}},"2":{"start":{"line":7,"column":0},"end":{"line":null,"column":-1}},"3":{"start":{"line":9,"column":0},"end":{"line":null,"column":-1}},"4":{"start":{"line":12,"column":19},"end":{"line":null,"column":-1}},"5":{"start":{"line":17,"column":2},"end":{"line":null,"column":-1}},"6":{"start":{"line":21,"column":5},"end":{"line":null,"column":-1}}},"fnMap":{"0":{"name":"App","decl":{"start":{"line":12,"column":1},"end":{"line":12,"column":12}},"loc":{"start":{"line":12,"column":19},"end":{"line":14,"column":2}}}},"branchMap":{"0":{"loc":{"start":{"line":12,"column":19},"end":{"line":13,"column":7}},"type":"binary-expr","locations":[{"start":{"line":12,"column":19},"end":{"line":13,"column":7}},{"start":{"line":12,"column":19},"end":{"line":13,"column":7}}]}},"s":{"0":0,"1":0,"2":0,"3":0,"4":0,"5":0,"6":0},"f":{"0":0},"b":{"0":[0,0]}}
,"D:\\space\\ReactRouterPro\\src\\emitte\\emitte.bundle.js": {"path":"D:\\space\\ReactRouterPro\\src\\emitte\\emitte.bundle.js","statementMap":{"0":{"start":{"line":6,"column":0},"end":{"line":null,"column":-1}},"1":{"start":{"line":7,"column":0},"end":{"line":null,"column":-1}},"2":{"start":{"line":10,"column":23},"end":{"line":null,"column":-1}},"3":{"start":{"line":16,"column":8},"end":{"line":null,"column":-1}}},"fnMap":{"0":{"name":"Introduce","decl":{"start":{"line":10,"column":4},"end":{"line":10,"column":15}},"loc":{"start":{"line":10,"column":23},"end":{"line":13,"column":5}}}},"branchMap":{"0":{"loc":{"start":{"line":10,"column":23},"end":{"line":11,"column":13}},"type":"binary-expr","locations":[{"start":{"line":10,"column":23},"end":{"line":11,"column":13}},{"start":{"line":10,"column":23},"end":{"line":11,"column":13}}]}},"s":{"0":0,"1":0,"2":0,"3":0},"f":{"0":0},"b":{"0":[0,0]}}
,"D:\\space\\ReactRouterPro\\src\\error\\error.bundle.js": {"path":"D:\\space\\ReactRouterPro\\src\\error\\error.bundle.js","statementMap":{"0":{"start":{"line":6,"column":0},"end":{"line":null,"column":-1}},"1":{"start":{"line":7,"column":0},"end":{"line":null,"column":-1}},"2":{"start":{"line":9,"column":0},"end":{"line":null,"column":-1}},"3":{"start":{"line":12,"column":20},"end":{"line":null,"column":-1}},"4":{"start":{"line":18,"column":8},"end":{"line":null,"column":-1}}},"fnMap":{"0":{"name":"About","decl":{"start":{"line":12,"column":1},"end":{"line":12,"column":12}},"loc":{"start":{"line":12,"column":20},"end":{"line":15,"column":2}}}},"branchMap":{"0":{"loc":{"start":{"line":12,"column":20},"end":{"line":13,"column":7}},"type":"binary-expr","locations":[{"start":{"line":12,"column":20},"end":{"line":13,"column":7}},{"start":{"line":12,"column":20},"end":{"line":13,"column":7}}]}},"s":{"0":0,"1":0,"2":0,"3":0,"4":0},"f":{"0":0},"b":{"0":[0,0]}}
,"D:\\space\\ReactRouterPro\\src\\introduce\\introduce.bundle.js": {"path":"D:\\space\\ReactRouterPro\\src\\introduce\\introduce.bundle.js","statementMap":{"0":{"start":{"line":6,"column":0},"end":{"line":null,"column":-1}},"1":{"start":{"line":7,"column":0},"end":{"line":null,"column":-1}},"2":{"start":{"line":10,"column":23},"end":{"line":null,"column":-1}},"3":{"start":{"line":16,"column":8},"end":{"line":null,"column":-1}}},"fnMap":{"0":{"name":"Introduce","decl":{"start":{"line":10,"column":4},"end":{"line":10,"column":15}},"loc":{"start":{"line":10,"column":23},"end":{"line":13,"column":5}}}},"branchMap":{"0":{"loc":{"start":{"line":10,"column":23},"end":{"line":11,"column":13}},"type":"binary-expr","locations":[{"start":{"line":10,"column":23},"end":{"line":11,"column":13}},{"start":{"line":10,"column":23},"end":{"line":11,"column":13}}]}},"s":{"0":0,"1":0,"2":0,"3":0},"f":{"0":0},"b":{"0":[0,0]}}
,"D:\\space\\ReactRouterPro\\src\\introduce\\view\\page.js": {"path":"D:\\space\\ReactRouterPro\\src\\introduce\\view\\page.js","statementMap":{"0":{"start":{"line":1,"column":0},"end":{"line":null,"column":-1}},"1":{"start":{"line":2,"column":0},"end":{"line":null,"column":-1}},"2":{"start":{"line":5,"column":20},"end":{"line":null,"column":-1}},"3":{"start":{"line":13,"column":2},"end":{"line":null,"column":-1}}},"fnMap":{"0":{"name":"App","decl":{"start":{"line":5,"column":1},"end":{"line":5,"column":12}},"loc":{"start":{"line":5,"column":20},"end":{"line":7,"column":2}}}},"branchMap":{"0":{"loc":{"start":{"line":5,"column":20},"end":{"line":6,"column":7}},"type":"binary-expr","locations":[{"start":{"line":5,"column":20},"end":{"line":6,"column":7}},{"start":{"line":5,"column":20},"end":{"line":6,"column":7}}]}},"s":{"0":0,"1":0,"2":0,"3":0},"f":{"0":0},"b":{"0":[0,0]}}
,"D:\\space\\ReactRouterPro\\src\\login\\login.bundle.js": {"path":"D:\\space\\ReactRouterPro\\src\\login\\login.bundle.js","statementMap":{"0":{"start":{"line":9,"column":0},"end":{"line":null,"column":-1}},"1":{"start":{"line":10,"column":0},"end":{"line":null,"column":-1}},"2":{"start":{"line":11,"column":0},"end":{"line":null,"column":-1}},"3":{"start":{"line":12,"column":0},"end":{"line":null,"column":-1}},"4":{"start":{"line":13,"column":0},"end":{"line":null,"column":-1}},"5":{"start":{"line":15,"column":0},"end":{"line":null,"column":-1}},"6":{"start":{"line":19,"column":8},"end":{"line":null,"column":-1}},"7":{"start":{"line":23,"column":18},"end":{"line":23,"column":0}}},"fnMap":{},"branchMap":{},"s":{"0":0,"1":0,"2":0,"3":0,"4":0,"5":0,"6":0,"7":0},"f":{},"b":{}}
,"D:\\space\\ReactRouterPro\\src\\login\\utils\\action.js": {"path":"D:\\space\\ReactRouterPro\\src\\login\\utils\\action.js","statementMap":{"0":{"start":{"line":3,"column":0},"end":{"line":null,"column":-1}},"1":{"start":{"line":5,"column":16},"end":{"line":5,"column":0}},"2":{"start":{"line":7,"column":8},"end":{"line":null,"column":-1}}},"fnMap":{"0":{"name":"changePassWord","decl":{"start":{"line":5,"column":16},"end":{"line":6,"column":18}},"loc":{"start":{"line":6,"column":31},"end":{"line":8,"column":5}}}},"branchMap":{},"s":{"0":0,"1":0,"2":0},"f":{"0":0},"b":{}}
,"D:\\space\\ReactRouterPro\\src\\login\\utils\\ajax.js": {"path":"D:\\space\\ReactRouterPro\\src\\login\\utils\\ajax.js","statementMap":{"0":{"start":{"line":1,"column":0},"end":{"line":null,"column":-1}},"1":{"start":{"line":2,"column":0},"end":{"line":null,"column":-1}},"2":{"start":{"line":4,"column":13},"end":{"line":4,"column":0}},"3":{"start":{"line":6,"column":8},"end":{"line":null,"column":-1}},"4":{"start":{"line":7,"column":12},"end":{"line":null,"column":-1}},"5":{"start":{"line":16,"column":20},"end":{"line":20,"column":21}},"6":{"start":{"line":17,"column":24},"end":{"line":null,"column":-1}},"7":{"start":{"line":19,"column":24},"end":{"line":null,"column":-1}},"8":{"start":{"line":23,"column":20},"end":{"line":null,"column":-1}},"9":{"start":{"line":30,"column":22},"end":{"line":30,"column":8}},"10":{"start":{"line":31,"column":8},"end":{"line":null,"column":-1}},"11":{"start":{"line":32,"column":8},"end":{"line":null,"column":-1}}},"fnMap":{"0":{"name":"send","decl":{"start":{"line":4,"column":13},"end":{"line":5,"column":8}},"loc":{"start":{"line":5,"column":17},"end":{"line":4,"column":13}}},"1":{"name":"(anonymous_2)","decl":{"start":{"line":6,"column":27},"end":{"line":6,"column":36}},"loc":{"start":{"line":6,"column":54},"end":{"line":6,"column":15}}},"2":{"name":"success","decl":{"start":{"line":15,"column":25},"end":{"line":15,"column":34}},"loc":{"start":{"line":15,"column":41},"end":{"line":7,"column":20}}},"3":{"name":"error","decl":{"start":{"line":22,"column":23},"end":{"line":22,"column":32}},"loc":{"start":{"line":22,"column":40},"end":{"line":24,"column":17}}},"4":{"name":"onLogin","decl":{"start":{"line":4,"column":13},"end":{"line":29,"column":11}},"loc":{"start":{"line":29,"column":17},"end":{"line":37,"column":5}}}},"branchMap":{"0":{"loc":{"start":{"line":8,"column":21},"end":{"line":8,"column":20}},"type":"binary-expr","locations":[{"start":{"line":8,"column":21},"end":{"line":8,"column":20}},{"start":{"line":8,"column":35},"end":{"line":7,"column":20}}]},"1":{"loc":{"start":{"line":9,"column":24},"end":{"line":9,"column":23}},"type":"binary-expr","locations":[{"start":{"line":9,"column":24},"end":{"line":9,"column":23}},{"start":{"line":9,"column":41},"end":{"line":7,"column":20}}]},"2":{"loc":{"start":{"line":11,"column":22},"end":{"line":11,"column":21}},"type":"binary-expr","locations":[{"start":{"line":11,"column":22},"end":{"line":11,"column":21}},{"start":{"line":11,"column":37},"end":{"line":7,"column":20}}]},"3":{"loc":{"start":{"line":12,"column":29},"end":{"line":12,"column":28}},"type":"binary-expr","locations":[{"start":{"line":12,"column":29},"end":{"line":12,"column":28}},{"start":{"line":12,"column":51},"end":{"line":7,"column":20}}]},"4":{"loc":{"start":{"line":16,"column":20},"end":{"line":20,"column":21}},"type":"if","locations":[{"start":{"line":16,"column":20},"end":{"line":20,"column":21}},{"start":{"line":16,"column":20},"end":{"line":20,"column":21}}]},"5":{"loc":{"start":{"line":23,"column":27},"end":{"line":23,"column":35}},"type":"binary-expr","locations":[{"start":{"line":23,"column":27},"end":{"line":23,"column":35}},{"start":{"line":23,"column":36},"end":{"line":23,"column":20}}]}},"s":{"0":0,"1":0,"2":0,"3":0,"4":0,"5":0,"6":0,"7":0,"8":0,"9":0,"10":0,"11":0},"f":{"0":0,"1":0,"2":0,"3":0,"4":0},"b":{"0":[0,0],"1":[0,0],"2":[0,0],"3":[0,0],"4":[0,0],"5":[0,0]}}
,"D:\\space\\ReactRouterPro\\src\\login\\utils\\tree.js": {"path":"D:\\space\\ReactRouterPro\\src\\login\\utils\\tree.js","statementMap":{"0":{"start":{"line":1,"column":0},"end":{"line":null,"column":-1}},"1":{"start":{"line":3,"column":18},"end":{"line":3,"column":0}},"2":{"start":{"line":10,"column":13},"end":{"line":10,"column":0}}},"fnMap":{},"branchMap":{},"s":{"0":0,"1":0,"2":0},"f":{},"b":{}}
,"D:\\space\\ReactRouterPro\\src\\login\\view\\page.js": {"path":"D:\\space\\ReactRouterPro\\src\\login\\view\\page.js","statementMap":{"0":{"start":{"line":1,"column":0},"end":{"line":null,"column":-1}},"1":{"start":{"line":2,"column":0},"end":{"line":null,"column":-1}},"2":{"start":{"line":3,"column":0},"end":{"line":null,"column":-1}},"3":{"start":{"line":4,"column":0},"end":{"line":null,"column":-1}},"4":{"start":{"line":5,"column":0},"end":{"line":null,"column":-1}},"5":{"start":{"line":7,"column":0},"end":{"line":null,"column":-1}},"6":{"start":{"line":8,"column":0},"end":{"line":null,"column":-1}},"7":{"start":{"line":9,"column":0},"end":{"line":null,"column":-1}},"8":{"start":{"line":10,"column":0},"end":{"line":null,"column":-1}},"9":{"start":{"line":12,"column":17},"end":{"line":12,"column":0}},"10":{"start":{"line":15,"column":23},"end":{"line":null,"column":-1}},"11":{"start":{"line":18,"column":8},"end":{"line":null,"column":-1}},"12":{"start":{"line":19,"column":8},"end":{"line":null,"column":-1}},"13":{"start":{"line":22,"column":26},"end":{"line":null,"column":-1}},"14":{"start":{"line":23,"column":8},"end":{"line":null,"column":-1}},"15":{"start":{"line":24,"column":8},"end":{"line":null,"column":-1}},"16":{"start":{"line":25,"column":12},"end":{"line":27,"column":13}},"17":{"start":{"line":26,"column":16},"end":{"line":null,"column":-1}},"18":{"start":{"line":28,"column":12},"end":{"line":null,"column":-1}},"19":{"start":{"line":29,"column":16},"end":{"line":null,"column":-1}},"20":{"start":{"line":30,"column":16},"end":{"line":null,"column":-1}},"21":{"start":{"line":32,"column":16},"end":{"line":null,"column":-1}},"22":{"start":{"line":41,"column":36},"end":{"line":40,"column":13}},"23":{"start":{"line":42,"column":8},"end":{"line":null,"column":-1}},"24":{"start":{"line":108,"column":20},"end":{"line":108,"column":0}}},"fnMap":{"0":{"name":"Login","decl":{"start":{"line":15,"column":4},"end":{"line":15,"column":15}},"loc":{"start":{"line":15,"column":23},"end":{"line":20,"column":5}}},"1":{"name":"(anonymous_10)","decl":{"start":{"line":24,"column":39},"end":{"line":24,"column":39}},"loc":{"start":{"line":24,"column":56},"end":{"line":24,"column":8}}},"2":{"name":"(anonymous_11)","decl":{"start":{"line":28,"column":38},"end":{"line":28,"column":44}},"loc":{"start":{"line":28,"column":45},"end":{"line":28,"column":12}}},"3":{"name":"(anonymous_12)","decl":{"start":{"line":31,"column":21},"end":{"line":31,"column":27}},"loc":{"start":{"line":31,"column":28},"end":{"line":28,"column":12}}}},"branchMap":{"0":{"loc":{"start":{"line":15,"column":23},"end":{"line":16,"column":13}},"type":"binary-expr","locations":[{"start":{"line":15,"column":23},"end":{"line":16,"column":13}},{"start":{"line":15,"column":23},"end":{"line":16,"column":13}}]},"1":{"loc":{"start":{"line":25,"column":12},"end":{"line":27,"column":13}},"type":"if","locations":[{"start":{"line":25,"column":12},"end":{"line":27,"column":13}},{"start":{"line":25,"column":12},"end":{"line":27,"column":13}}]},"2":{"loc":{"start":{"line":34,"column":29},"end":{"line":34,"column":35}},"type":"binary-expr","locations":[{"start":{"line":34,"column":29},"end":{"line":34,"column":35}},{"start":{"line":34,"column":36},"end":{"line":null,"column":-1}}]}},"s":{"0":0,"1":0,"2":0,"3":0,"4":0,"5":0,"6":0,"7":0,"8":0,"9":0,"10":0,"11":0,"12":0,"13":0,"14":0,"15":0,"16":0,"17":0,"18":0,"19":0,"20":0,"21":0,"22":0,"23":0,"24":0},"f":{"0":0,"1":0,"2":0,"3":0},"b":{"0":[0,0],"1":[0,0],"2":[0,0]}}
,"D:\\space\\ReactRouterPro\\src\\test\\test.bundle.js": {"path":"D:\\space\\ReactRouterPro\\src\\test\\test.bundle.js","statementMap":{"0":{"start":{"line":5,"column":0},"end":{"line":null,"column":-1}},"1":{"start":{"line":6,"column":0},"end":{"line":null,"column":-1}},"2":{"start":{"line":7,"column":0},"end":{"line":null,"column":-1}},"3":{"start":{"line":8,"column":0},"end":{"line":null,"column":-1}},"4":{"start":{"line":11,"column":23},"end":{"line":null,"column":-1}},"5":{"start":{"line":17,"column":8},"end":{"line":null,"column":-1}}},"fnMap":{"0":{"name":"Test","decl":{"start":{"line":11,"column":4},"end":{"line":11,"column":15}},"loc":{"start":{"line":11,"column":23},"end":{"line":14,"column":5}}}},"branchMap":{"0":{"loc":{"start":{"line":11,"column":23},"end":{"line":12,"column":13}},"type":"binary-expr","locations":[{"start":{"line":11,"column":23},"end":{"line":12,"column":13}},{"start":{"line":11,"column":23},"end":{"line":12,"column":13}}]}},"s":{"0":0,"1":0,"2":0,"3":0,"4":0,"5":0},"f":{"0":0},"b":{"0":[0,0]}}
,"D:\\space\\ReactRouterPro\\src\\test\\view\\page.js": {"path":"D:\\space\\ReactRouterPro\\src\\test\\view\\page.js","statementMap":{"0":{"start":{"line":6,"column":0},"end":{"line":null,"column":-1}},"1":{"start":{"line":7,"column":0},"end":{"line":null,"column":-1}},"2":{"start":{"line":10,"column":20},"end":{"line":null,"column":-1}},"3":{"start":{"line":18,"column":21},"end":{"line":17,"column":10}},"4":{"start":{"line":19,"column":2},"end":{"line":null,"column":-1}},"5":{"start":{"line":20,"column":2},"end":{"line":null,"column":-1}},"6":{"start":{"line":21,"column":3},"end":{"line":null,"column":-1}},"7":{"start":{"line":25,"column":2},"end":{"line":null,"column":-1}}},"fnMap":{"0":{"name":"App","decl":{"start":{"line":10,"column":1},"end":{"line":10,"column":12}},"loc":{"start":{"line":10,"column":20},"end":{"line":12,"column":2}}},"1":{"name":"(anonymous_11)","decl":{"start":{"line":20,"column":31},"end":{"line":20,"column":31}},"loc":{"start":{"line":20,"column":38},"end":{"line":20,"column":2}}}},"branchMap":{"0":{"loc":{"start":{"line":10,"column":20},"end":{"line":11,"column":7}},"type":"binary-expr","locations":[{"start":{"line":10,"column":20},"end":{"line":11,"column":7}},{"start":{"line":10,"column":20},"end":{"line":11,"column":7}}]}},"s":{"0":0,"1":0,"2":0,"3":0,"4":0,"5":0,"6":0,"7":0},"f":{"0":0,"1":0},"b":{"0":[0,0]}}
,"D:\\space\\ReactRouterPro\\src\\tree\\child\\child.bundle.js": {"path":"D:\\space\\ReactRouterPro\\src\\tree\\child\\child.bundle.js","statementMap":{"0":{"start":{"line":8,"column":0},"end":{"line":null,"column":-1}},"1":{"start":{"line":9,"column":0},"end":{"line":null,"column":-1}},"2":{"start":{"line":10,"column":0},"end":{"line":null,"column":-1}},"3":{"start":{"line":11,"column":0},"end":{"line":null,"column":-1}},"4":{"start":{"line":12,"column":0},"end":{"line":null,"column":-1}},"5":{"start":{"line":14,"column":0},"end":{"line":null,"column":-1}},"6":{"start":{"line":19,"column":8},"end":{"line":null,"column":-1}},"7":{"start":{"line":23,"column":18},"end":{"line":23,"column":0}}},"fnMap":{},"branchMap":{},"s":{"0":0,"1":0,"2":0,"3":0,"4":0,"5":0,"6":0,"7":0},"f":{},"b":{}}
,"D:\\space\\ReactRouterPro\\src\\tree\\child\\utils\\ajax.js": {"path":"D:\\space\\ReactRouterPro\\src\\tree\\child\\utils\\ajax.js","statementMap":{"0":{"start":{"line":3,"column":13},"end":{"line":49,"column":1}},"1":{"start":{"line":5,"column":8},"end":{"line":25,"column":10}},"2":{"start":{"line":6,"column":12},"end":{"line":24,"column":14}},"3":{"start":{"line":15,"column":20},"end":{"line":19,"column":21}},"4":{"start":{"line":16,"column":24},"end":{"line":16,"column":68}},"5":{"start":{"line":18,"column":24},"end":{"line":18,"column":43}},"6":{"start":{"line":22,"column":20},"end":{"line":22,"column":57}},"7":{"start":{"line":29,"column":8},"end":{"line":33,"column":9}},"8":{"start":{"line":30,"column":3},"end":{"line":32,"column":4}},"9":{"start":{"line":31,"column":4},"end":{"line":31,"column":23}},"10":{"start":{"line":34,"column":8},"end":{"line":34,"column":22}},"11":{"start":{"line":38,"column":8},"end":{"line":41,"column":10}},"12":{"start":{"line":45,"column":8},"end":{"line":47,"column":35}},"13":{"start":{"line":47,"column":24},"end":{"line":47,"column":33}}},"fnMap":{"0":{"name":"(anonymous_0)","decl":{"start":{"line":5,"column":27},"end":{"line":5,"column":28}},"loc":{"start":{"line":5,"column":54},"end":{"line":25,"column":9}},"line":5},"1":{"name":"(anonymous_1)","decl":{"start":{"line":14,"column":25},"end":{"line":14,"column":26}},"loc":{"start":{"line":14,"column":41},"end":{"line":20,"column":17}},"line":14},"2":{"name":"(anonymous_2)","decl":{"start":{"line":21,"column":23},"end":{"line":21,"column":24}},"loc":{"start":{"line":21,"column":40},"end":{"line":23,"column":17}},"line":21},"3":{"name":"(anonymous_3)","decl":{"start":{"line":47,"column":16},"end":{"line":47,"column":17}},"loc":{"start":{"line":47,"column":24},"end":{"line":47,"column":33}},"line":47}},"branchMap":{"0":{"loc":{"start":{"line":7,"column":21},"end":{"line":7,"column":37}},"type":"binary-expr","locations":[{"start":{"line":7,"column":21},"end":{"line":7,"column":31}},{"start":{"line":7,"column":35},"end":{"line":7,"column":37}}],"line":7},"1":{"loc":{"start":{"line":8,"column":24},"end":{"line":8,"column":46}},"type":"binary-expr","locations":[{"start":{"line":8,"column":24},"end":{"line":8,"column":37}},{"start":{"line":8,"column":41},"end":{"line":8,"column":46}}],"line":8},"2":{"loc":{"start":{"line":10,"column":22},"end":{"line":10,"column":43}},"type":"binary-expr","locations":[{"start":{"line":10,"column":22},"end":{"line":10,"column":33}},{"start":{"line":10,"column":37},"end":{"line":10,"column":43}}],"line":10},"3":{"loc":{"start":{"line":11,"column":29},"end":{"line":11,"column":86}},"type":"binary-expr","locations":[{"start":{"line":11,"column":29},"end":{"line":11,"column":47}},{"start":{"line":11,"column":51},"end":{"line":11,"column":86}}],"line":11},"4":{"loc":{"start":{"line":15,"column":20},"end":{"line":19,"column":21}},"type":"if","locations":[{"start":{"line":15,"column":20},"end":{"line":19,"column":21}},{"start":{"line":15,"column":20},"end":{"line":19,"column":21}}],"line":15},"5":{"loc":{"start":{"line":16,"column":31},"end":{"line":16,"column":66}},"type":"binary-expr","locations":[{"start":{"line":16,"column":31},"end":{"line":16,"column":43}},{"start":{"line":16,"column":47},"end":{"line":16,"column":66}}],"line":16},"6":{"loc":{"start":{"line":22,"column":27},"end":{"line":22,"column":55}},"type":"binary-expr","locations":[{"start":{"line":22,"column":27},"end":{"line":22,"column":32}},{"start":{"line":22,"column":36},"end":{"line":22,"column":55}}],"line":22},"7":{"loc":{"start":{"line":30,"column":3},"end":{"line":32,"column":4}},"type":"if","locations":[{"start":{"line":30,"column":3},"end":{"line":32,"column":4}},{"start":{"line":30,"column":3},"end":{"line":32,"column":4}}],"line":30}},"s":{"0":1,"1":1,"2":1,"3":0,"4":0,"5":0,"6":0,"7":0,"8":0,"9":0,"10":0,"11":1,"12":1,"13":0},"f":{"0":1,"1":0,"2":0,"3":0},"b":{"0":[1,0],"1":[1,1],"2":[1,1],"3":[1,1],"4":[0,0],"5":[0,0],"6":[0,0],"7":[0,0]},"_coverageSchema":"332fd63041d2c1bcb487cc26dd0d5f7d97098a6c","hash":"e10d29f1b327b9131c5ca89791c0acd147cd02c2"}
,"D:\\space\\ReactRouterPro\\src\\tree\\child\\utils\\local.js": {"path":"D:\\space\\ReactRouterPro\\src\\tree\\child\\utils\\local.js","statementMap":{},"fnMap":{},"branchMap":{},"s":{},"f":{},"b":{},"_coverageSchema":"332fd63041d2c1bcb487cc26dd0d5f7d97098a6c","hash":"2f6b078f3815fbf9a03d950eb5c286016ad747fb"}
,"D:\\space\\ReactRouterPro\\src\\tree\\child\\utils\\reducer.js": {"path":"D:\\space\\ReactRouterPro\\src\\tree\\child\\utils\\reducer.js","statementMap":{"0":{"start":{"line":7,"column":18},"end":{"line":17,"column":1}},"1":{"start":{"line":19,"column":13},"end":{"line":21,"column":2}},"2":{"start":{"line":24,"column":16},"end":{"line":37,"column":1}},"3":{"start":{"line":26,"column":8},"end":{"line":26,"column":46}},"4":{"start":{"line":27,"column":8},"end":{"line":27,"column":48}},"5":{"start":{"line":30,"column":8},"end":{"line":32,"column":11}},"6":{"start":{"line":31,"column":12},"end":{"line":31,"column":64}},"7":{"start":{"line":35,"column":8},"end":{"line":35,"column":45}},"8":{"start":{"line":39,"column":16},"end":{"line":42,"column":1}}},"fnMap":{"0":{"name":"(anonymous_0)","decl":{"start":{"line":30,"column":23},"end":{"line":30,"column":24}},"loc":{"start":{"line":30,"column":35},"end":{"line":32,"column":9}},"line":30}},"branchMap":{"0":{"loc":{"start":{"line":31,"column":50},"end":{"line":31,"column":62}},"type":"binary-expr","locations":[{"start":{"line":31,"column":50},"end":{"line":31,"column":57}},{"start":{"line":31,"column":61},"end":{"line":31,"column":62}}],"line":31}},"s":{"0":1,"1":1,"2":1,"3":0,"4":0,"5":0,"6":0,"7":1,"8":1},"f":{"0":0},"b":{"0":[0,0]},"_coverageSchema":"332fd63041d2c1bcb487cc26dd0d5f7d97098a6c","hash":"5fecb06df0d3ed3bc8bca86fa766d2c1c877921a"}
,"D:\\space\\ReactRouterPro\\src\\tree\\child\\view\\page.js": {"path":"D:\\space\\ReactRouterPro\\src\\tree\\child\\view\\page.js","statementMap":{"0":{"start":{"line":13,"column":17},"end":{"line":13,"column":26}},"1":{"start":{"line":14,"column":24},"end":{"line":14,"column":34}},"2":{"start":{"line":15,"column":15},"end":{"line":15,"column":28}},"3":{"start":{"line":17,"column":16},"end":{"line":17,"column":31}},"4":{"start":{"line":19,"column":23},"end":{"line":22,"column":1}},"5":{"start":{"line":26,"column":2},"end":{"line":26,"column":15}},"6":{"start":{"line":27,"column":2},"end":{"line":27,"column":43}},"7":{"start":{"line":29,"column":2},"end":{"line":31,"column":18}},"8":{"start":{"line":35,"column":14},"end":{"line":35,"column":28}},"9":{"start":{"line":36,"column":2},"end":{"line":36,"column":41}},"10":{"start":{"line":40,"column":2},"end":{"line":40,"column":32}},"11":{"start":{"line":41,"column":15},"end":{"line":41,"column":32}},"12":{"start":{"line":42,"column":15},"end":{"line":42,"column":68}},"13":{"start":{"line":43,"column":2},"end":{"line":43,"column":46}},"14":{"start":{"line":44,"column":2},"end":{"line":44,"column":27}},"15":{"start":{"line":48,"column":2},"end":{"line":48,"column":23}},"16":{"start":{"line":53,"column":2},"end":{"line":53,"column":26}},"17":{"start":{"line":54,"column":15},"end":{"line":54,"column":94}},"18":{"start":{"line":55,"column":2},"end":{"line":55,"column":27}},"19":{"start":{"line":60,"column":15},"end":{"line":60,"column":102}},"20":{"start":{"line":61,"column":2},"end":{"line":61,"column":46}},"21":{"start":{"line":62,"column":2},"end":{"line":62,"column":27}},"22":{"start":{"line":67,"column":2},"end":{"line":67,"column":36}},"23":{"start":{"line":68,"column":2},"end":{"line":77,"column":4}},"24":{"start":{"line":69,"column":3},"end":{"line":69,"column":37}},"25":{"start":{"line":70,"column":3},"end":{"line":70,"column":38}},"26":{"start":{"line":72,"column":3},"end":{"line":75,"column":6}},"27":{"start":{"line":76,"column":3},"end":{"line":76,"column":38}},"28":{"start":{"line":81,"column":2},"end":{"line":111,"column":3}},"29":{"start":{"line":87,"column":6},"end":{"line":90,"column":13}},"30":{"start":{"line":109,"column":18},"end":{"line":109,"column":40}},"31":{"start":{"line":115,"column":2},"end":{"line":115,"column":64}},"32":{"start":{"line":119,"column":30},"end":{"line":119,"column":45}},"33":{"start":{"line":120,"column":13},"end":{"line":120,"column":33}},"34":{"start":{"line":121,"column":16},"end":{"line":121,"column":39}},"35":{"start":{"line":122,"column":19},"end":{"line":122,"column":45}},"36":{"start":{"line":123,"column":14},"end":{"line":123,"column":35}},"37":{"start":{"line":124,"column":2},"end":{"line":164,"column":3}},"38":{"start":{"line":154,"column":18},"end":{"line":154,"column":22}},"39":{"start":{"line":168,"column":20},"end":{"line":168,"column":52}}},"fnMap":{"0":{"name":"(anonymous_0)","decl":{"start":{"line":25,"column":1},"end":{"line":25,"column":2}},"loc":{"start":{"line":25,"column":20},"end":{"line":32,"column":2}},"line":25},"1":{"name":"(anonymous_1)","decl":{"start":{"line":34,"column":1},"end":{"line":34,"column":2}},"loc":{"start":{"line":34,"column":22},"end":{"line":37,"column":2}},"line":34},"2":{"name":"(anonymous_2)","decl":{"start":{"line":39,"column":1},"end":{"line":39,"column":2}},"loc":{"start":{"line":39,"column":20},"end":{"line":45,"column":2}},"line":39},"3":{"name":"(anonymous_3)","decl":{"start":{"line":47,"column":1},"end":{"line":47,"column":2}},"loc":{"start":{"line":47,"column":21},"end":{"line":49,"column":2}},"line":47},"4":{"name":"(anonymous_4)","decl":{"start":{"line":52,"column":1},"end":{"line":52,"column":2}},"loc":{"start":{"line":52,"column":18},"end":{"line":56,"column":2}},"line":52},"5":{"name":"(anonymous_5)","decl":{"start":{"line":59,"column":1},"end":{"line":59,"column":2}},"loc":{"start":{"line":59,"column":22},"end":{"line":63,"column":2}},"line":59},"6":{"name":"(anonymous_6)","decl":{"start":{"line":66,"column":1},"end":{"line":66,"column":2}},"loc":{"start":{"line":66,"column":20},"end":{"line":78,"column":2}},"line":66},"7":{"name":"(anonymous_7)","decl":{"start":{"line":68,"column":31},"end":{"line":68,"column":32}},"loc":{"start":{"line":68,"column":38},"end":{"line":71,"column":3}},"line":68},"8":{"name":"(anonymous_8)","decl":{"start":{"line":71,"column":11},"end":{"line":71,"column":12}},"loc":{"start":{"line":71,"column":18},"end":{"line":77,"column":3}},"line":71},"9":{"name":"(anonymous_9)","decl":{"start":{"line":80,"column":1},"end":{"line":80,"column":2}},"loc":{"start":{"line":80,"column":18},"end":{"line":112,"column":2}},"line":80},"10":{"name":"(anonymous_10)","decl":{"start":{"line":86,"column":76},"end":{"line":86,"column":77}},"loc":{"start":{"line":86,"column":85},"end":{"line":91,"column":6}},"line":86},"11":{"name":"(anonymous_11)","decl":{"start":{"line":109,"column":12},"end":{"line":109,"column":13}},"loc":{"start":{"line":109,"column":18},"end":{"line":109,"column":40}},"line":109},"12":{"name":"(anonymous_12)","decl":{"start":{"line":114,"column":1},"end":{"line":114,"column":2}},"loc":{"start":{"line":114,"column":33},"end":{"line":116,"column":2}},"line":114},"13":{"name":"(anonymous_13)","decl":{"start":{"line":118,"column":1},"end":{"line":118,"column":2}},"loc":{"start":{"line":118,"column":10},"end":{"line":165,"column":2}},"line":118},"14":{"name":"(anonymous_14)","decl":{"start":{"line":154,"column":13},"end":{"line":154,"column":14}},"loc":{"start":{"line":154,"column":18},"end":{"line":154,"column":22}},"line":154}},"branchMap":{"0":{"loc":{"start":{"line":53,"column":2},"end":{"line":53,"column":25}},"type":"binary-expr","locations":[{"start":{"line":53,"column":2},"end":{"line":53,"column":3}},{"start":{"line":53,"column":7},"end":{"line":53,"column":25}}],"line":53}},"s":{"0":1,"1":1,"2":1,"3":1,"4":1,"5":1,"6":1,"7":1,"8":0,"9":0,"10":0,"11":0,"12":0,"13":0,"14":0,"15":1,"16":1,"17":1,"18":1,"19":0,"20":0,"21":0,"22":1,"23":1,"24":0,"25":0,"26":1,"27":0,"28":1,"29":0,"30":0,"31":0,"32":1,"33":1,"34":1,"35":1,"36":1,"37":1,"38":0,"39":1},"f":{"0":1,"1":0,"2":0,"3":1,"4":1,"5":0,"6":1,"7":0,"8":1,"9":1,"10":0,"11":0,"12":0,"13":1,"14":0},"b":{"0":[1,0]},"_coverageSchema":"332fd63041d2c1bcb487cc26dd0d5f7d97098a6c","hash":"c2cc29a2b95bfff6fcff78a422705a0eef54b355"}
}
