TN:
SF:D:\space\ReactRouterPro\src\app.js
FNF:0
FNH:0
DA:1,0
DA:2,0
DA:3,0
DA:4,0
DA:5,0
DA:6,0
DA:8,0
DA:9,0
DA:21,0
LF:9
LH:0
BRDA:8,0,0,0
BRDA:8,0,1,0
BRF:2
BRH:0
end_of_record
TN:
SF:D:\space\ReactRouterPro\src\about\about.bundle.js
FNF:0
FNH:0
DA:8,0
DA:9,0
DA:10,0
DA:11,0
DA:12,0
DA:14,0
DA:20,0
DA:24,0
LF:8
LH:0
BRF:0
BRH:0
end_of_record
TN:
SF:D:\space\ReactRouterPro\src\about\utils\action.js
FN:5,changePassWord
FNF:1
FNH:0
FNDA:0,changePassWord
DA:3,0
DA:5,0
DA:7,0
LF:3
LH:0
BRF:0
BRH:0
end_of_record
TN:
SF:D:\space\ReactRouterPro\src\about\utils\ajax.js
FN:3,send
FN:5,(anonymous_3)
FN:14,(anonymous_4)
FN:16,(anonymous_5)
FN:3,_handleFormatData
FN:3,sendLogin
FNF:6
FNH:0
FNDA:0,send
FNDA:0,(anonymous_3)
FNDA:0,(anonymous_4)
FNDA:0,(anonymous_5)
FNDA:0,_handleFormatData
FNDA:0,sendLogin
DA:1,0
DA:3,0
DA:4,0
DA:5,0
DA:6,0
DA:11,0
DA:12,0
DA:14,0
DA:15,0
DA:17,0
DA:23,0
DA:24,0
DA:25,0
DA:28,0
DA:32,0
LF:15
LH:0
BRDA:7,0,0,0
BRDA:7,0,1,0
BRDA:8,1,0,0
BRDA:8,1,1,0
BRDA:9,2,0,0
BRDA:9,2,1,0
BRDA:11,3,0,0
BRDA:11,3,1,0
BRDA:24,4,0,0
BRDA:24,4,1,0
BRF:10
BRH:0
end_of_record
TN:
SF:D:\space\ReactRouterPro\src\about\utils\tree.js
FNF:0
FNH:0
DA:1,0
DA:3,0
DA:10,0
LF:3
LH:0
BRF:0
BRH:0
end_of_record
TN:
SF:D:\space\ReactRouterPro\src\about\view\page.js
FN:10,About
FNF:1
FNH:0
FNDA:0,About
DA:1,0
DA:2,0
DA:3,0
DA:4,0
DA:5,0
DA:6,0
DA:10,0
DA:12,0
DA:14,0
DA:18,0
DA:19,0
DA:26,0
LF:12
LH:0
BRDA:10,0,0,0
BRDA:10,0,1,0
BRF:2
BRH:0
end_of_record
TN:
SF:D:\space\ReactRouterPro\src\defaultIndex\default.bundle.js
FN:12,App
FNF:1
FNH:0
FNDA:0,App
DA:5,0
DA:6,0
DA:7,0
DA:9,0
DA:12,0
DA:17,0
DA:21,0
LF:7
LH:0
BRDA:12,0,0,0
BRDA:12,0,1,0
BRF:2
BRH:0
end_of_record
TN:
SF:D:\space\ReactRouterPro\src\emitte\emitte.bundle.js
FN:10,Introduce
FNF:1
FNH:0
FNDA:0,Introduce
DA:6,0
DA:7,0
DA:10,0
DA:16,0
LF:4
LH:0
BRDA:10,0,0,0
BRDA:10,0,1,0
BRF:2
BRH:0
end_of_record
TN:
SF:D:\space\ReactRouterPro\src\error\error.bundle.js
FN:12,About
FNF:1
FNH:0
FNDA:0,About
DA:6,0
DA:7,0
DA:9,0
DA:12,0
DA:18,0
LF:5
LH:0
BRDA:12,0,0,0
BRDA:12,0,1,0
BRF:2
BRH:0
end_of_record
TN:
SF:D:\space\ReactRouterPro\src\introduce\introduce.bundle.js
FN:10,Introduce
FNF:1
FNH:0
FNDA:0,Introduce
DA:6,0
DA:7,0
DA:10,0
DA:16,0
LF:4
LH:0
BRDA:10,0,0,0
BRDA:10,0,1,0
BRF:2
BRH:0
end_of_record
TN:
SF:D:\space\ReactRouterPro\src\introduce\view\page.js
FN:5,App
FNF:1
FNH:0
FNDA:0,App
DA:1,0
DA:2,0
DA:5,0
DA:13,0
LF:4
LH:0
BRDA:5,0,0,0
BRDA:5,0,1,0
BRF:2
BRH:0
end_of_record
TN:
SF:D:\space\ReactRouterPro\src\login\login.bundle.js
FNF:0
FNH:0
DA:9,0
DA:10,0
DA:11,0
DA:12,0
DA:13,0
DA:15,0
DA:19,0
DA:23,0
LF:8
LH:0
BRF:0
BRH:0
end_of_record
TN:
SF:D:\space\ReactRouterPro\src\login\utils\action.js
FN:5,changePassWord
FNF:1
FNH:0
FNDA:0,changePassWord
DA:3,0
DA:5,0
DA:7,0
LF:3
LH:0
BRF:0
BRH:0
end_of_record
TN:
SF:D:\space\ReactRouterPro\src\login\utils\ajax.js
FN:4,send
FN:6,(anonymous_2)
FN:15,success
FN:22,error
FN:4,onLogin
FNF:5
FNH:0
FNDA:0,send
FNDA:0,(anonymous_2)
FNDA:0,success
FNDA:0,error
FNDA:0,onLogin
DA:1,0
DA:2,0
DA:4,0
DA:6,0
DA:7,0
DA:16,0
DA:17,0
DA:19,0
DA:23,0
DA:30,0
DA:31,0
DA:32,0
LF:12
LH:0
BRDA:8,0,0,0
BRDA:8,0,1,0
BRDA:9,1,0,0
BRDA:9,1,1,0
BRDA:11,2,0,0
BRDA:11,2,1,0
BRDA:12,3,0,0
BRDA:12,3,1,0
BRDA:16,4,0,0
BRDA:16,4,1,0
BRDA:23,5,0,0
BRDA:23,5,1,0
BRF:12
BRH:0
end_of_record
TN:
SF:D:\space\ReactRouterPro\src\login\utils\tree.js
FNF:0
FNH:0
DA:1,0
DA:3,0
DA:10,0
LF:3
LH:0
BRF:0
BRH:0
end_of_record
TN:
SF:D:\space\ReactRouterPro\src\login\view\page.js
FN:15,Login
FN:24,(anonymous_10)
FN:28,(anonymous_11)
FN:31,(anonymous_12)
FNF:4
FNH:0
FNDA:0,Login
FNDA:0,(anonymous_10)
FNDA:0,(anonymous_11)
FNDA:0,(anonymous_12)
DA:1,0
DA:2,0
DA:3,0
DA:4,0
DA:5,0
DA:7,0
DA:8,0
DA:9,0
DA:10,0
DA:12,0
DA:15,0
DA:18,0
DA:19,0
DA:22,0
DA:23,0
DA:24,0
DA:25,0
DA:26,0
DA:28,0
DA:29,0
DA:30,0
DA:32,0
DA:41,0
DA:42,0
DA:108,0
LF:25
LH:0
BRDA:15,0,0,0
BRDA:15,0,1,0
BRDA:25,1,0,0
BRDA:25,1,1,0
BRDA:34,2,0,0
BRDA:34,2,1,0
BRF:6
BRH:0
end_of_record
TN:
SF:D:\space\ReactRouterPro\src\test\test.bundle.js
FN:11,Test
FNF:1
FNH:0
FNDA:0,Test
DA:5,0
DA:6,0
DA:7,0
DA:8,0
DA:11,0
DA:17,0
LF:6
LH:0
BRDA:11,0,0,0
BRDA:11,0,1,0
BRF:2
BRH:0
end_of_record
TN:
SF:D:\space\ReactRouterPro\src\test\view\page.js
FN:10,App
FN:20,(anonymous_11)
FNF:2
FNH:0
FNDA:0,App
FNDA:0,(anonymous_11)
DA:6,0
DA:7,0
DA:10,0
DA:18,0
DA:19,0
DA:20,0
DA:21,0
DA:25,0
LF:8
LH:0
BRDA:10,0,0,0
BRDA:10,0,1,0
BRF:2
BRH:0
end_of_record
TN:
SF:D:\space\ReactRouterPro\src\tree\child\child.bundle.js
FNF:0
FNH:0
DA:8,0
DA:9,0
DA:10,0
DA:11,0
DA:12,0
DA:14,0
DA:19,0
DA:23,0
LF:8
LH:0
BRF:0
BRH:0
end_of_record
TN:
SF:D:\space\ReactRouterPro\src\tree\child\utils\ajax.js
FN:5,(anonymous_0)
FN:14,(anonymous_1)
FN:21,(anonymous_2)
FN:47,(anonymous_3)
FNF:4
FNH:1
FNDA:1,(anonymous_0)
FNDA:0,(anonymous_1)
FNDA:0,(anonymous_2)
FNDA:0,(anonymous_3)
DA:3,1
DA:5,1
DA:6,1
DA:15,0
DA:16,0
DA:18,0
DA:22,0
DA:29,0
DA:30,0
DA:31,0
DA:34,0
DA:38,1
DA:45,1
DA:47,0
LF:14
LH:5
BRDA:7,0,0,1
BRDA:7,0,1,0
BRDA:8,1,0,1
BRDA:8,1,1,1
BRDA:10,2,0,1
BRDA:10,2,1,1
BRDA:11,3,0,1
BRDA:11,3,1,1
BRDA:15,4,0,0
BRDA:15,4,1,0
BRDA:16,5,0,0
BRDA:16,5,1,0
BRDA:22,6,0,0
BRDA:22,6,1,0
BRDA:30,7,0,0
BRDA:30,7,1,0
BRF:16
BRH:7
end_of_record
TN:
SF:D:\space\ReactRouterPro\src\tree\child\utils\local.js
FNF:0
FNH:0
LF:0
LH:0
BRF:0
BRH:0
end_of_record
TN:
SF:D:\space\ReactRouterPro\src\tree\child\utils\reducer.js
FN:30,(anonymous_0)
FNF:1
FNH:0
FNDA:0,(anonymous_0)
DA:7,1
DA:19,1
DA:24,1
DA:26,0
DA:27,0
DA:30,0
DA:31,0
DA:35,1
DA:39,1
LF:9
LH:5
BRDA:31,0,0,0
BRDA:31,0,1,0
BRF:2
BRH:0
end_of_record
TN:
SF:D:\space\ReactRouterPro\src\tree\child\view\page.js
FN:25,(anonymous_0)
FN:34,(anonymous_1)
FN:39,(anonymous_2)
FN:47,(anonymous_3)
FN:52,(anonymous_4)
FN:59,(anonymous_5)
FN:66,(anonymous_6)
FN:68,(anonymous_7)
FN:71,(anonymous_8)
FN:80,(anonymous_9)
FN:86,(anonymous_10)
FN:109,(anonymous_11)
FN:114,(anonymous_12)
FN:118,(anonymous_13)
FN:154,(anonymous_14)
FNF:15
FNH:7
FNDA:1,(anonymous_0)
FNDA:0,(anonymous_1)
FNDA:0,(anonymous_2)
FNDA:1,(anonymous_3)
FNDA:1,(anonymous_4)
FNDA:0,(anonymous_5)
FNDA:1,(anonymous_6)
FNDA:0,(anonymous_7)
FNDA:1,(anonymous_8)
FNDA:1,(anonymous_9)
FNDA:0,(anonymous_10)
FNDA:0,(anonymous_11)
FNDA:0,(anonymous_12)
FNDA:1,(anonymous_13)
FNDA:0,(anonymous_14)
DA:13,1
DA:14,1
DA:15,1
DA:17,1
DA:19,1
DA:26,1
DA:27,1
DA:29,1
DA:35,0
DA:36,0
DA:40,0
DA:41,0
DA:42,0
DA:43,0
DA:44,0
DA:48,1
DA:53,1
DA:54,1
DA:55,1
DA:60,0
DA:61,0
DA:62,0
DA:67,1
DA:68,1
DA:69,0
DA:70,0
DA:72,1
DA:76,0
DA:81,1
DA:87,0
DA:109,0
DA:115,0
DA:119,1
DA:120,1
DA:121,1
DA:122,1
DA:123,1
DA:124,1
DA:154,0
DA:168,1
LF:40
LH:23
BRDA:53,0,0,1
BRDA:53,0,1,0
BRF:2
BRH:1
end_of_record
